<?xml version="1.0" encoding="UTF-8"?>
<!-- Generated by org.testng.reporters.JUnitReportReporter -->
<testsuite skipped="0" hostname="HemanthChinnu" name="KPGRC.SongDownload" tests="1" failures="0" timestamp="2020-02-16T23:34:47 IST" time="8.897" errors="0">
  <testcase name="StepsToDownload" time="8.897" classname="KPGRC.SongDownload"/>
  <system-out/>
</testsuite> <!-- KPGRC.SongDownload -->
